<?xml version="1.0" encoding="UTF-8"?>
<!-- Generated by org.testng.reporters.JUnitReportReporter -->
<testsuite hostname="UmaLaptop" failures="0" tests="3" name="com.tmb.practice.PracticeTestDataRetraival" time="0.015" errors="0" timestamp="2024-08-07T13:57:21 EDT" skipped="0">
  <testcase classname="com.tmb.practice.PracticeTestDataRetraival" name="Test1" time="0.001"/>
  <testcase classname="com.tmb.practice.PracticeTestDataRetraival" name="Test1" time="0.001"/>
  <testcase classname="com.tmb.practice.PracticeTestDataRetraival" name="Test1" time="0.013"/>
</testsuite> <!-- com.tmb.practice.PracticeTestDataRetraival -->
