<?xml version="1.0" encoding="UTF-8"?>
<!-- Generated by org.testng.reporters.JUnitReportReporter -->
<testsuite hostname="UmaLaptop" failures="0" tests="1" name="com.tmb.tests.OrangeHRMLoginTest" time="4.449" errors="0" timestamp="2024-07-24T01:17:17 EDT" skipped="0">
  <testcase classname="com.tmb.tests.OrangeHRMLoginTest" name="loginLogoutTest" time="4.449"/>
</testsuite> <!-- com.tmb.tests.OrangeHRMLoginTest -->
