<?xml version="1.0" encoding="UTF-8"?>
<!-- Generated by org.testng.reporters.JUnitReportReporter -->
<testsuite hostname="UmaLaptop" failures="0" tests="1" name="com.tmb.tests.LoginpageTest" time="3.590" errors="0" timestamp="2024-07-11T23:35:01 EDT" skipped="0">
  <testcase classname="com.tmb.tests.LoginpageTest" name="browser1" time="3.590"/>
</testsuite> <!-- com.tmb.tests.LoginpageTest -->
