<?xml version="1.0" encoding="UTF-8"?>
<!-- Generated by org.testng.reporters.JUnitReportReporter -->
<testsuite hostname="UmaLaptop" failures="0" tests="1" name="com.tmb.tests.flection" time="0.008" errors="0" timestamp="2024-08-31T16:37:48 EDT" skipped="0">
  <testcase classname="com.tmb.tests.flection" name="sampleTest" time="0.008"/>
  <system-out/>
</testsuite> <!-- com.tmb.tests.flection -->
