<?xml version="1.0" encoding="UTF-8"?>
<!-- Generated by org.testng.reporters.JUnitReportReporter -->
<testsuite hostname="UmaLaptop" failures="0" tests="1" name="com.tmb.tests.HomepageTest" time="4.139" errors="0" timestamp="2024-07-20T00:20:35 EDT" skipped="0">
  <testcase classname="com.tmb.tests.HomepageTest" name="browser1" time="4.139"/>
</testsuite> <!-- com.tmb.tests.HomepageTest -->
