<?xml version="1.0" encoding="UTF-8"?>
<!-- Generated by org.testng.reporters.JUnitReportReporter -->
<testsuite hostname="UmaLaptop" failures="0" tests="1" name="com.tmb.tests.HomePageTest2" time="2.372" errors="0" timestamp="2024-07-11T23:35:01 EDT" skipped="0">
  <testcase classname="com.tmb.tests.HomePageTest2" name="browser1" time="2.372"/>
</testsuite> <!-- com.tmb.tests.HomePageTest2 -->
