<?xml version="1.0" encoding="UTF-8"?>
<!-- Generated by org.testng.reporters.JUnitReportReporter -->
<testsuite hostname="UmaLaptop" failures="0" tests="2" name="com.tmb.tests.PracticeTestDataRetraival" time="0.009" errors="0" timestamp="2024-08-05T13:40:53 EDT" skipped="0">
  <testcase classname="com.tmb.tests.PracticeTestDataRetraival" name="Test1" time="0.007"/>
  <testcase classname="com.tmb.tests.PracticeTestDataRetraival" name="Test1" time="0.002"/>
</testsuite> <!-- com.tmb.tests.PracticeTestDataRetraival -->
